
> temp@0.1.0 start
> next start

▲ Next.js 16.1.0
- Local:         http://localhost:3000
- Network:       http://192.168.68.109:3000

✓ Starting...
⚠ Warning: Next.js inferred your workspace root, but it may not be correct.
 We detected multiple lockfiles and selected the directory of /home/xibalbasolutions/package-lock.json as the root directory.
 To silence this warning, set `outputFileTracingRoot` in your Next.js config, or consider removing one of the lockfiles if it's not needed.
   See https://nextjs.org/docs/app/api-reference/config/next-config-js/output#caveats for more information.
 Detected additional lockfiles: 
   * /home/xibalbasolutions/CAREPULSE/package-lock.json

✓ Ready in 1189ms
Raw DATABASE_URL: file:carepulse.db
Resolved Database path: /home/xibalbasolutions/CAREPULSE/carepulse.db
Raw DATABASE_URL: file:carepulse.db
Resolved Database path: /home/xibalbasolutions/CAREPULSE/carepulse.db
Error fetching beds: SqliteError: no such table: HospitalBed
    at d (.next/server/chunks/ssr/CAREPULSE_1325c82d._.js:2:434)
    at async m (.next/server/chunks/ssr/CAREPULSE_623dd711._.js:1:7267) {
  code: 'SQLITE_ERROR'
}
